<?xml version="1.0" encoding="UTF-8"?>
<!-- Generated by org.testng.reporters.JUnitXMLReporter -->
<testsuite ignored="1" hostname="IN-75272J3" failures="0" tests="1" name="Default test" time="5.89" errors="0" timestamp="2024-06-24T20:19:02 IST">
  <testcase classname="com.testautomation.apitesting.tests.GetApiRequest" name="getAllBookings" time="5.238"/>
  <testcase classname="com.testautomation.apitesting.tests.GetApiRequest" name="getAllBookingIds" time="0.0">
    <ignored/>
  </testcase> <!-- getAllBookingIds -->
</testsuite> <!-- Default test -->
