<?xml version="1.0" encoding="UTF-8"?>
<!-- Generated by org.testng.reporters.JUnitXMLReporter -->
<testsuite ignored="0" hostname="IN-75272J3" failures="0" tests="6" name="Test" time="32.811" errors="0" timestamp="2024-06-24T20:32:51 IST">
  <testcase classname="com.testautomation.apitesting.tests.PostApiRequest" name="createBooking" time="5.123"/>
  <testcase classname="com.testautomation.apitesting.tests.GetApiRequest" name="getAllBookingIds" time="4.044"/>
  <testcase classname="com.testautomation.apitesting.tests.GetApiRequest" name="getAllBookings" time="7.665"/>
  <testcase classname="com.testautomation.apitesting.tests.PutAPIRequest" name="putAPIRequest" time="5.059"/>
  <testcase classname="com.testautomation.apitesting.tests.PatchAPIRequest" name="patchAPIRequest" time="5.198"/>
  <testcase classname="com.testautomation.apitesting.tests.DeleteAPITest" name="deleteAPIRequest" time="4.972"/>
</testsuite> <!-- Test -->
