<?xml version="1.0" encoding="UTF-8"?>
<!-- Generated by org.testng.reporters.JUnitXMLReporter -->
<testsuite ignored="0" hostname="IN-75272J3" failures="0" tests="6" name="Test" time="37.794" errors="0" timestamp="2024-06-24T20:38:36 IST">
  <testcase classname="com.testautomation.apitesting.tests.PostApiRequest" name="createBooking" time="6.566"/>
  <testcase classname="com.testautomation.apitesting.tests.GetApiRequest" name="getAllBookingIds" time="2.779"/>
  <testcase classname="com.testautomation.apitesting.tests.GetApiRequest" name="getAllBookings" time="3.536"/>
  <testcase classname="com.testautomation.apitesting.tests.PutAPIRequest" name="putAPIRequest" time="8.464"/>
  <testcase classname="com.testautomation.apitesting.tests.PatchAPIRequest" name="patchAPIRequest" time="8.205"/>
  <testcase classname="com.testautomation.apitesting.tests.DeleteAPITest" name="deleteAPIRequest" time="7.253"/>
</testsuite> <!-- Test -->
