<?xml version="1.0" encoding="UTF-8"?>
<testsuite xmlns:xsi="http://www.w3.org/2001/XMLSchema-instance" xsi:noNamespaceSchemaLocation="https://maven.apache.org/surefire/maven-surefire-plugin/xsd/surefire-test-report.xsd" name="TestSuite" time="41.189" tests="6" errors="0" skipped="0" failures="0">
  <properties>
[...]
</properties>
  <testcase name="createBooking" classname="com.testautomation.apitesting.tests.PostApiRequest" time="6.569"/>
  <testcase name="getAllBookingIds" classname="com.testautomation.apitesting.tests.GetApiRequest" time="2.822"/>
  <testcase name="getAllBookings" classname="com.testautomation.apitesting.tests.GetApiRequest" time="3.498"/>
  <testcase name="putAPIRequest" classname="com.testautomation.apitesting.tests.PutAPIRequest" time="8.464"/>
  <testcase name="patchAPIRequest" classname="com.testautomation.apitesting.tests.PatchAPIRequest" time="8.207"/>
  <testcase name="deleteAPIRequest" classname="com.testautomation.apitesting.tests.DeleteAPITest" time="7.254"/>
</testsuite>