<?xml version="1.0" encoding="UTF-8"?>
<testng-results ignored="0" total="6" passed="6" failed="0" skipped="0">
  <reporter-output>
  </reporter-output>
  <suite started-at="2024-06-24T20:32:18 IST" name="Suite" finished-at="2024-06-24T20:32:51 IST" duration-ms="32811">
    <groups>
    </groups>
    <test started-at="2024-06-24T20:32:18 IST" name="Test" finished-at="2024-06-24T20:32:51 IST" duration-ms="32811">
      <class name="com.testautomation.apitesting.tests.GetApiRequest">
        <test-method signature="getAllBookingIds()[pri:0, instance:com.testautomation.apitesting.tests.GetApiRequest@d5ae57e]" started-at="2024-06-24T20:32:24 IST" name="getAllBookingIds" finished-at="2024-06-24T20:32:28 IST" duration-ms="4044" status="PASS">
          <reporter-output>
          </reporter-output>
        </test-method> <!-- getAllBookingIds -->
        <test-method is-config="true" signature="beforeMethod()[pri:0, instance:com.testautomation.apitesting.tests.GetApiRequest@d5ae57e]" started-at="2024-06-24T20:32:24 IST" name="beforeMethod" finished-at="2024-06-24T20:32:24 IST" duration-ms="0" status="PASS">
          <reporter-output>
          </reporter-output>
        </test-method> <!-- beforeMethod -->
        <test-method is-config="true" signature="beforeMethod()[pri:0, instance:com.testautomation.apitesting.tests.GetApiRequest@d5ae57e]" started-at="2024-06-24T20:32:28 IST" name="beforeMethod" finished-at="2024-06-24T20:32:28 IST" duration-ms="1" status="PASS">
          <reporter-output>
          </reporter-output>
        </test-method> <!-- beforeMethod -->
        <test-method signature="getAllBookings()[pri:0, instance:com.testautomation.apitesting.tests.GetApiRequest@d5ae57e]" started-at="2024-06-24T20:32:28 IST" name="getAllBookings" finished-at="2024-06-24T20:32:36 IST" duration-ms="7665" status="PASS">
          <reporter-output>
          </reporter-output>
        </test-method> <!-- getAllBookings -->
      </class> <!-- com.testautomation.apitesting.tests.GetApiRequest -->
      <class name="com.testautomation.apitesting.tests.PutAPIRequest">
        <test-method is-config="true" signature="beforeMethod()[pri:0, instance:com.testautomation.apitesting.tests.PutAPIRequest@68759011]" started-at="2024-06-24T20:32:36 IST" name="beforeMethod" finished-at="2024-06-24T20:32:36 IST" duration-ms="1" status="PASS">
          <reporter-output>
          </reporter-output>
        </test-method> <!-- beforeMethod -->
        <test-method signature="putAPIRequest()[pri:0, instance:com.testautomation.apitesting.tests.PutAPIRequest@68759011]" started-at="2024-06-24T20:32:36 IST" name="putAPIRequest" finished-at="2024-06-24T20:32:41 IST" duration-ms="5059" status="PASS">
          <reporter-output>
          </reporter-output>
        </test-method> <!-- putAPIRequest -->
      </class> <!-- com.testautomation.apitesting.tests.PutAPIRequest -->
      <class name="com.testautomation.apitesting.tests.DeleteAPITest">
        <test-method is-config="true" signature="beforeMethod()[pri:0, instance:com.testautomation.apitesting.tests.DeleteAPITest@305f031]" started-at="2024-06-24T20:32:46 IST" name="beforeMethod" finished-at="2024-06-24T20:32:46 IST" duration-ms="1" status="PASS">
          <reporter-output>
          </reporter-output>
        </test-method> <!-- beforeMethod -->
        <test-method signature="deleteAPIRequest()[pri:0, instance:com.testautomation.apitesting.tests.DeleteAPITest@305f031]" started-at="2024-06-24T20:32:46 IST" name="deleteAPIRequest" finished-at="2024-06-24T20:32:51 IST" duration-ms="4972" status="PASS">
          <reporter-output>
          </reporter-output>
        </test-method> <!-- deleteAPIRequest -->
      </class> <!-- com.testautomation.apitesting.tests.DeleteAPITest -->
      <class name="com.testautomation.apitesting.tests.PatchAPIRequest">
        <test-method is-config="true" signature="beforeMethod()[pri:0, instance:com.testautomation.apitesting.tests.PatchAPIRequest@7e242b4d]" started-at="2024-06-24T20:32:41 IST" name="beforeMethod" finished-at="2024-06-24T20:32:41 IST" duration-ms="1" status="PASS">
          <reporter-output>
          </reporter-output>
        </test-method> <!-- beforeMethod -->
        <test-method signature="patchAPIRequest()[pri:0, instance:com.testautomation.apitesting.tests.PatchAPIRequest@7e242b4d]" started-at="2024-06-24T20:32:41 IST" name="patchAPIRequest" finished-at="2024-06-24T20:32:46 IST" duration-ms="5198" status="PASS">
          <reporter-output>
          </reporter-output>
        </test-method> <!-- patchAPIRequest -->
      </class> <!-- com.testautomation.apitesting.tests.PatchAPIRequest -->
      <class name="com.testautomation.apitesting.tests.PostApiRequest">
        <test-method is-config="true" signature="beforeMethod()[pri:0, instance:com.testautomation.apitesting.tests.PostApiRequest@72a85671]" started-at="2024-06-24T20:32:18 IST" name="beforeMethod" finished-at="2024-06-24T20:32:19 IST" duration-ms="380" status="PASS">
          <reporter-output>
          </reporter-output>
        </test-method> <!-- beforeMethod -->
        <test-method signature="createBooking()[pri:0, instance:com.testautomation.apitesting.tests.PostApiRequest@72a85671]" started-at="2024-06-24T20:32:19 IST" name="createBooking" finished-at="2024-06-24T20:32:24 IST" duration-ms="5123" status="PASS">
          <reporter-output>
          </reporter-output>
        </test-method> <!-- createBooking -->
      </class> <!-- com.testautomation.apitesting.tests.PostApiRequest -->
    </test> <!-- Test -->
  </suite> <!-- Suite -->
</testng-results>
